<?xml version="1.0" encoding="UTF-8"?>
<testng-results skipped="0" failed="0" ignored="0" total="1" passed="1">
  <reporter-output>
  </reporter-output>
  <suite name="Default Suite" duration-ms="22774" started-at="2019-05-20T09:00:38Z" finished-at="2019-05-20T09:01:01Z">
    <groups>
      <group name="cucumber">
        <method signature="AbstractTestNGCucumberTests.feature(cucumber.api.testng.CucumberFeatureWrapper)[pri:0, instance:Run.Runtest@19dfb72a]" name="feature" class="cucumber.api.testng.AbstractTestNGCucumberTests"/>
      </group> <!-- cucumber -->
    </groups>
    <test name="selenium" duration-ms="22774" started-at="2019-05-20T09:00:38Z" finished-at="2019-05-20T09:01:01Z">
      <class name="Run.Runtest">
        <test-method status="PASS" signature="setUpClass()[pri:0, instance:Run.Runtest@19dfb72a]" name="setUpClass" is-config="true" duration-ms="1215" started-at="2019-05-20T09:00:38Z" finished-at="2019-05-20T09:00:39Z">
          <reporter-output>
          </reporter-output>
        </test-method> <!-- setUpClass -->
        <test-method status="PASS" signature="feature(cucumber.api.testng.CucumberFeatureWrapper)[pri:0, instance:Run.Runtest@19dfb72a]" name="feature" duration-ms="20631" started-at="2019-05-20T09:00:40Z" description="Runs Cucumber Feature" data-provider="features" finished-at="2019-05-20T09:01:01Z">
          <params>
            <param index="0">
              <value>
                <![CDATA[登录模块]]>
              </value>
            </param>
          </params>
          <reporter-output>
          </reporter-output>
        </test-method> <!-- feature -->
        <test-method status="PASS" signature="tearDownClass()[pri:0, instance:Run.Runtest@19dfb72a]" name="tearDownClass" is-config="true" duration-ms="38" started-at="2019-05-20T09:01:01Z" finished-at="2019-05-20T09:01:01Z">
          <reporter-output>
          </reporter-output>
        </test-method> <!-- tearDownClass -->
      </class> <!-- Run.Runtest -->
    </test> <!-- selenium -->
  </suite> <!-- Default Suite -->
</testng-results>
