<?xml version="1.0" encoding="UTF-8"?>
<testng-results skipped="0" failed="0" ignored="0" total="0" passed="0">
  <reporter-output>
  </reporter-output>
  <suite name="Default Suite" duration-ms="1712" started-at="2019-05-20T08:35:06Z" finished-at="2019-05-20T08:35:08Z">
    <groups>
      <group name="cucumber">
        <method signature="AbstractTestNGCucumberTests.feature(cucumber.api.testng.CucumberFeatureWrapper)[pri:0, instance:Run.Runtest@19dfb72a]" name="feature" class="cucumber.api.testng.AbstractTestNGCucumberTests"/>
      </group> <!-- cucumber -->
    </groups>
    <test name="selenium" duration-ms="1712" started-at="2019-05-20T08:35:06Z" finished-at="2019-05-20T08:35:08Z">
      <class name="Run.Runtest">
        <test-method status="PASS" signature="setUpClass()[pri:0, instance:Run.Runtest@19dfb72a]" name="setUpClass" is-config="true" duration-ms="881" started-at="2019-05-20T08:35:06Z" finished-at="2019-05-20T08:35:07Z">
          <reporter-output>
          </reporter-output>
        </test-method> <!-- setUpClass -->
        <test-method status="PASS" signature="tearDownClass()[pri:0, instance:Run.Runtest@19dfb72a]" name="tearDownClass" is-config="true" duration-ms="151" started-at="2019-05-20T08:35:07Z" finished-at="2019-05-20T08:35:08Z">
          <reporter-output>
          </reporter-output>
        </test-method> <!-- tearDownClass -->
      </class> <!-- Run.Runtest -->
    </test> <!-- selenium -->
  </suite> <!-- Default Suite -->
</testng-results>
